2020-10-16 17:06:30,063 INFO com.mkyong.StartWebApplication [restartedMain] Starting StartWebApplication on DESKTOP-C58O2TB with PID 2568 (D:\Development\Java\logging-slf4j-logback\target\classes started by marsu in D:\Development\Java\logging-slf4j-logback)
2020-10-16 17:06:30,066 DEBUG com.mkyong.StartWebApplication [restartedMain] Running with Spring Boot v2.1.2.RELEASE, Spring v5.1.4.RELEASE
2020-10-16 17:06:30,067 INFO com.mkyong.StartWebApplication [restartedMain] No active profile set, falling back to default profiles: default
2020-10-16 17:06:32,514 INFO org.apache.catalina.core.StandardService [restartedMain] Starting service [Tomcat]
2020-10-16 17:06:32,515 INFO org.apache.catalina.core.StandardEngine [restartedMain] Starting Servlet engine: [Apache Tomcat/9.0.14]
2020-10-16 17:06:32,530 INFO org.apache.catalina.core.AprLifecycleListener [restartedMain] The APR based Apache Tomcat Native library which allows optimal performance in production environments was not found on the java.library.path: [C:\Program Files\Java\jdk1.8.0_66\bin;C:\WINDOWS\Sun\Java\bin;C:\WINDOWS\system32;C:\WINDOWS;C:\Python27\;C:\Python27\Scripts;C:\Program Files (x86)\Common Files\Oracle\Java\javapath;C:\WINDOWS\system32;C:\WINDOWS;C:\WINDOWS\System32\Wbem;C:\WINDOWS\System32\WindowsPowerShell\v1.0\;C:\WINDOWS\System32\OpenSSH\;C:\Program Files\Java\jdk1.8.0_66\bin;C:\Program Files (x86)\Yarn\bin\;C:\Program Files\nodejs\;C:\ProgramData\chocolatey\bin;C:\Program Files\TortoiseGit\bin;C:\Users\marsu\AppData\Local\Microsoft\WindowsApps;C:\Users\marsu\AppData\Local\Programs\Microsoft VS Code\bin;C:\Users\marsu\AppData\Local\Yarn\bin;C:\Users\marsu\AppData\Local\GitHubDesktop\bin;C:\Program Files\Git\bin;C:\Users\marsu\Downloads\dev-tools\spring-2.1.2.RELEASE\bin;C:\Users\marsu\Downloads\apache-maven-3.6.0\bin;C:\Program Files\MongoDB\Server\4.0\bin;C:\Users\marsu\AppData\Local\atom\bin;C:\Program Files\JetBrains\PyCharm Community Edition 2019.2.4\bin;;C:\Users\marsu\AppData\Roaming\npm;C:\Users\marsu\AppData\Local\Microsoft\WindowsApps;D:\Development\apache-jmeter-5.3\bin;D:\Development\Development softwares\gradle-6.5\bin;C:\Program Files\Git\cmd\git.exe;C:\Program Files\apache-maven-3.6.3\bin\bin;;C:\Program Files\JetBrains\IntelliJ IDEA Community Edition 2020.1.2\bin;;.]
2020-10-16 17:06:32,700 INFO org.apache.catalina.core.ContainerBase.[Tomcat].[localhost].[/] [restartedMain] Initializing Spring embedded WebApplicationContext
2020-10-16 17:06:33,374 ERROR org.apache.catalina.util.LifecycleBase [restartedMain] Failed to start component [Connector[HTTP/1.1-8080]]
org.apache.catalina.LifecycleException: Protocol handler start failed
	at org.apache.catalina.connector.Connector.startInternal(Connector.java:1004)
	at org.apache.catalina.util.LifecycleBase.start(LifecycleBase.java:183)
	at org.apache.catalina.core.StandardService.addConnector(StandardService.java:226)
	at org.springframework.boot.web.embedded.tomcat.TomcatWebServer.addPreviouslyRemovedConnectors(TomcatWebServer.java:259)
	at org.springframework.boot.web.embedded.tomcat.TomcatWebServer.start(TomcatWebServer.java:197)
	at org.springframework.boot.web.servlet.context.ServletWebServerApplicationContext.startWebServer(ServletWebServerApplicationContext.java:311)
	at org.springframework.boot.web.servlet.context.ServletWebServerApplicationContext.finishRefresh(ServletWebServerApplicationContext.java:164)
	at org.springframework.context.support.AbstractApplicationContext.refresh(AbstractApplicationContext.java:549)
	at org.springframework.boot.web.servlet.context.ServletWebServerApplicationContext.refresh(ServletWebServerApplicationContext.java:142)
	at org.springframework.boot.SpringApplication.refresh(SpringApplication.java:775)
	at org.springframework.boot.SpringApplication.refreshContext(SpringApplication.java:397)
	at org.springframework.boot.SpringApplication.run(SpringApplication.java:316)
	at org.springframework.boot.SpringApplication.run(SpringApplication.java:1260)
	at org.springframework.boot.SpringApplication.run(SpringApplication.java:1248)
	at com.mkyong.StartWebApplication.main(StartWebApplication.java:10)
	at sun.reflect.NativeMethodAccessorImpl.invoke0(Native Method)
	at sun.reflect.NativeMethodAccessorImpl.invoke(NativeMethodAccessorImpl.java:62)
	at sun.reflect.DelegatingMethodAccessorImpl.invoke(DelegatingMethodAccessorImpl.java:43)
	at java.lang.reflect.Method.invoke(Method.java:497)
	at org.springframework.boot.devtools.restart.RestartLauncher.run(RestartLauncher.java:49)
Caused by: java.net.BindException: Address already in use: bind
	at sun.nio.ch.Net.bind0(Native Method)
	at sun.nio.ch.Net.bind(Net.java:433)
	at sun.nio.ch.Net.bind(Net.java:425)
	at sun.nio.ch.ServerSocketChannelImpl.bind(ServerSocketChannelImpl.java:223)
	at sun.nio.ch.ServerSocketAdaptor.bind(ServerSocketAdaptor.java:74)
	at org.apache.tomcat.util.net.NioEndpoint.initServerSocket(NioEndpoint.java:236)
	at org.apache.tomcat.util.net.NioEndpoint.bind(NioEndpoint.java:210)
	at org.apache.tomcat.util.net.AbstractEndpoint.bindWithCleanup(AbstractEndpoint.java:1085)
	at org.apache.tomcat.util.net.AbstractEndpoint.start(AbstractEndpoint.java:1171)
	at org.apache.coyote.AbstractProtocol.start(AbstractProtocol.java:568)
	at org.apache.catalina.connector.Connector.startInternal(Connector.java:1001)
	... 19 common frames omitted
2020-10-16 17:06:33,378 INFO org.apache.catalina.core.StandardService [restartedMain] Stopping service [Tomcat]
2020-10-16 17:06:33,390 ERROR org.springframework.boot.diagnostics.LoggingFailureAnalysisReporter [restartedMain] 

***************************
APPLICATION FAILED TO START
***************************

Description:

The Tomcat connector configured to listen on port 8080 failed to start. The port may already be in use or the connector may be misconfigured.

Action:

Verify the connector's configuration, identify and stop any process that's listening on port 8080, or configure this application to listen on another port.

2020-10-16 17:11:54,695 INFO com.mkyong.StartWebApplication [restartedMain] Starting StartWebApplication on DESKTOP-C58O2TB with PID 23472 (D:\Development\Java\logging-slf4j-logback\target\classes started by marsu in D:\Development\Java\logging-slf4j-logback)
2020-10-16 17:11:54,700 DEBUG com.mkyong.StartWebApplication [restartedMain] Running with Spring Boot v2.1.2.RELEASE, Spring v5.1.4.RELEASE
2020-10-16 17:11:54,702 INFO com.mkyong.StartWebApplication [restartedMain] No active profile set, falling back to default profiles: default
2020-10-16 17:11:57,348 INFO org.apache.catalina.core.StandardService [restartedMain] Starting service [Tomcat]
2020-10-16 17:11:57,348 INFO org.apache.catalina.core.StandardEngine [restartedMain] Starting Servlet engine: [Apache Tomcat/9.0.14]
2020-10-16 17:11:57,365 INFO org.apache.catalina.core.AprLifecycleListener [restartedMain] The APR based Apache Tomcat Native library which allows optimal performance in production environments was not found on the java.library.path: [C:\Program Files\Java\jdk1.8.0_66\bin;C:\WINDOWS\Sun\Java\bin;C:\WINDOWS\system32;C:\WINDOWS;C:\Python27\;C:\Python27\Scripts;C:\Program Files (x86)\Common Files\Oracle\Java\javapath;C:\WINDOWS\system32;C:\WINDOWS;C:\WINDOWS\System32\Wbem;C:\WINDOWS\System32\WindowsPowerShell\v1.0\;C:\WINDOWS\System32\OpenSSH\;C:\Program Files\Java\jdk1.8.0_66\bin;C:\Program Files (x86)\Yarn\bin\;C:\Program Files\nodejs\;C:\ProgramData\chocolatey\bin;C:\Program Files\TortoiseGit\bin;C:\Users\marsu\AppData\Local\Microsoft\WindowsApps;C:\Users\marsu\AppData\Local\Programs\Microsoft VS Code\bin;C:\Users\marsu\AppData\Local\Yarn\bin;C:\Users\marsu\AppData\Local\GitHubDesktop\bin;C:\Program Files\Git\bin;C:\Users\marsu\Downloads\dev-tools\spring-2.1.2.RELEASE\bin;C:\Users\marsu\Downloads\apache-maven-3.6.0\bin;C:\Program Files\MongoDB\Server\4.0\bin;C:\Users\marsu\AppData\Local\atom\bin;C:\Program Files\JetBrains\PyCharm Community Edition 2019.2.4\bin;;C:\Users\marsu\AppData\Roaming\npm;C:\Users\marsu\AppData\Local\Microsoft\WindowsApps;D:\Development\apache-jmeter-5.3\bin;D:\Development\Development softwares\gradle-6.5\bin;C:\Program Files\Git\cmd\git.exe;C:\Program Files\apache-maven-3.6.3\bin\bin;;C:\Program Files\JetBrains\IntelliJ IDEA Community Edition 2020.1.2\bin;;.]
2020-10-16 17:11:57,560 INFO org.apache.catalina.core.ContainerBase.[Tomcat].[localhost].[/] [restartedMain] Initializing Spring embedded WebApplicationContext
2020-10-16 17:11:58,211 INFO com.mkyong.StartWebApplication [restartedMain] Started StartWebApplication in 4.32 seconds (JVM running for 5.347)
2020-10-16 17:12:06,460 INFO org.apache.catalina.core.ContainerBase.[Tomcat].[localhost].[/] [http-nio-8080-exec-1] Initializing Spring DispatcherServlet 'dispatcherServlet'
2020-10-16 17:12:06,521 DEBUG com.mkyong.HelloController [http-nio-8080-exec-1] Hello from Logback [1, 2, 3, 4, 5]
2020-10-16 17:49:29,689 INFO com.mkyong.StartWebApplication [restartedMain] Starting StartWebApplication on DESKTOP-C58O2TB with PID 18228 (D:\Development\Java\logging-slf4j-logback\target\classes started by marsu in D:\Development\Java\logging-slf4j-logback)
2020-10-16 17:49:29,693 DEBUG com.mkyong.StartWebApplication [restartedMain] Running with Spring Boot v2.1.2.RELEASE, Spring v5.1.4.RELEASE
2020-10-16 17:49:29,694 INFO com.mkyong.StartWebApplication [restartedMain] No active profile set, falling back to default profiles: default
2020-10-16 17:49:31,855 INFO org.apache.catalina.core.StandardService [restartedMain] Starting service [Tomcat]
2020-10-16 17:49:31,856 INFO org.apache.catalina.core.StandardEngine [restartedMain] Starting Servlet engine: [Apache Tomcat/9.0.14]
2020-10-16 17:49:31,869 INFO org.apache.catalina.core.AprLifecycleListener [restartedMain] The APR based Apache Tomcat Native library which allows optimal performance in production environments was not found on the java.library.path: [C:\Program Files\Java\jdk1.8.0_66\bin;C:\WINDOWS\Sun\Java\bin;C:\WINDOWS\system32;C:\WINDOWS;C:\Python27\;C:\Python27\Scripts;C:\Program Files (x86)\Common Files\Oracle\Java\javapath;C:\WINDOWS\system32;C:\WINDOWS;C:\WINDOWS\System32\Wbem;C:\WINDOWS\System32\WindowsPowerShell\v1.0\;C:\WINDOWS\System32\OpenSSH\;C:\Program Files\Java\jdk1.8.0_66\bin;C:\Program Files (x86)\Yarn\bin\;C:\Program Files\nodejs\;C:\ProgramData\chocolatey\bin;C:\Program Files\TortoiseGit\bin;C:\Users\marsu\AppData\Local\Microsoft\WindowsApps;C:\Users\marsu\AppData\Local\Programs\Microsoft VS Code\bin;C:\Users\marsu\AppData\Local\Yarn\bin;C:\Users\marsu\AppData\Local\GitHubDesktop\bin;C:\Program Files\Git\bin;C:\Users\marsu\Downloads\dev-tools\spring-2.1.2.RELEASE\bin;C:\Users\marsu\Downloads\apache-maven-3.6.0\bin;C:\Program Files\MongoDB\Server\4.0\bin;C:\Users\marsu\AppData\Local\atom\bin;C:\Program Files\JetBrains\PyCharm Community Edition 2019.2.4\bin;;C:\Users\marsu\AppData\Roaming\npm;C:\Users\marsu\AppData\Local\Microsoft\WindowsApps;D:\Development\apache-jmeter-5.3\bin;D:\Development\Development softwares\gradle-6.5\bin;C:\Program Files\Git\cmd\git.exe;C:\Program Files\apache-maven-3.6.3\bin\bin;;C:\Program Files\JetBrains\IntelliJ IDEA Community Edition 2020.1.2\bin;;.]
2020-10-16 17:49:32,045 INFO org.apache.catalina.core.ContainerBase.[Tomcat].[localhost].[/] [restartedMain] Initializing Spring embedded WebApplicationContext
2020-10-16 17:49:32,859 INFO com.mkyong.StartWebApplication [restartedMain] Started StartWebApplication in 3.63 seconds (JVM running for 4.29)
2020-10-16 17:49:58,613 INFO com.mkyong.StartWebApplication [restartedMain] Starting StartWebApplication on DESKTOP-C58O2TB with PID 18392 (D:\Development\Java\logging-slf4j-logback\target\classes started by marsu in D:\Development\Java\logging-slf4j-logback)
2020-10-16 17:49:58,621 DEBUG com.mkyong.StartWebApplication [restartedMain] Running with Spring Boot v2.1.2.RELEASE, Spring v5.1.4.RELEASE
2020-10-16 17:49:58,622 INFO com.mkyong.StartWebApplication [restartedMain] No active profile set, falling back to default profiles: default
2020-10-16 17:50:01,348 INFO org.apache.catalina.core.StandardService [restartedMain] Starting service [Tomcat]
2020-10-16 17:50:01,355 INFO org.apache.catalina.core.StandardEngine [restartedMain] Starting Servlet engine: [Apache Tomcat/9.0.14]
2020-10-16 17:50:01,377 INFO org.apache.catalina.core.AprLifecycleListener [restartedMain] The APR based Apache Tomcat Native library which allows optimal performance in production environments was not found on the java.library.path: [C:\Program Files\Java\jdk1.8.0_66\bin;C:\WINDOWS\Sun\Java\bin;C:\WINDOWS\system32;C:\WINDOWS;C:\Python27\;C:\Python27\Scripts;C:\Program Files (x86)\Common Files\Oracle\Java\javapath;C:\WINDOWS\system32;C:\WINDOWS;C:\WINDOWS\System32\Wbem;C:\WINDOWS\System32\WindowsPowerShell\v1.0\;C:\WINDOWS\System32\OpenSSH\;C:\Program Files\Java\jdk1.8.0_66\bin;C:\Program Files (x86)\Yarn\bin\;C:\Program Files\nodejs\;C:\ProgramData\chocolatey\bin;C:\Program Files\TortoiseGit\bin;C:\Users\marsu\AppData\Local\Microsoft\WindowsApps;C:\Users\marsu\AppData\Local\Programs\Microsoft VS Code\bin;C:\Users\marsu\AppData\Local\Yarn\bin;C:\Users\marsu\AppData\Local\GitHubDesktop\bin;C:\Program Files\Git\bin;C:\Users\marsu\Downloads\dev-tools\spring-2.1.2.RELEASE\bin;C:\Users\marsu\Downloads\apache-maven-3.6.0\bin;C:\Program Files\MongoDB\Server\4.0\bin;C:\Users\marsu\AppData\Local\atom\bin;C:\Program Files\JetBrains\PyCharm Community Edition 2019.2.4\bin;;C:\Users\marsu\AppData\Roaming\npm;C:\Users\marsu\AppData\Local\Microsoft\WindowsApps;D:\Development\apache-jmeter-5.3\bin;D:\Development\Development softwares\gradle-6.5\bin;C:\Program Files\Git\cmd\git.exe;C:\Program Files\apache-maven-3.6.3\bin\bin;;C:\Program Files\JetBrains\IntelliJ IDEA Community Edition 2020.1.2\bin;;.]
2020-10-16 17:50:01,562 INFO org.apache.catalina.core.ContainerBase.[Tomcat].[localhost].[/] [restartedMain] Initializing Spring embedded WebApplicationContext
2020-10-16 17:50:02,368 INFO com.mkyong.StartWebApplication [restartedMain] Started StartWebApplication in 4.363 seconds (JVM running for 5.25)
2020-10-16 18:51:35,785 INFO com.mkyong.StartWebApplication [restartedMain] Starting StartWebApplication on DESKTOP-C58O2TB with PID 6048 (D:\Development\Java\logging-slf4j-logback\target\classes started by marsu in D:\Development\Java\logging-slf4j-logback)
2020-10-16 18:51:35,788 DEBUG com.mkyong.StartWebApplication [restartedMain] Running with Spring Boot v2.1.2.RELEASE, Spring v5.1.4.RELEASE
2020-10-16 18:51:35,789 INFO com.mkyong.StartWebApplication [restartedMain] No active profile set, falling back to default profiles: default
2020-10-16 18:51:37,526 INFO org.apache.catalina.core.StandardService [restartedMain] Starting service [Tomcat]
2020-10-16 18:51:37,527 INFO org.apache.catalina.core.StandardEngine [restartedMain] Starting Servlet engine: [Apache Tomcat/9.0.14]
2020-10-16 18:51:37,539 INFO org.apache.catalina.core.AprLifecycleListener [restartedMain] The APR based Apache Tomcat Native library which allows optimal performance in production environments was not found on the java.library.path: [C:\Program Files\Java\jdk1.8.0_66\bin;C:\WINDOWS\Sun\Java\bin;C:\WINDOWS\system32;C:\WINDOWS;C:\Python27\;C:\Python27\Scripts;C:\Program Files (x86)\Common Files\Oracle\Java\javapath;C:\WINDOWS\system32;C:\WINDOWS;C:\WINDOWS\System32\Wbem;C:\WINDOWS\System32\WindowsPowerShell\v1.0\;C:\WINDOWS\System32\OpenSSH\;C:\Program Files\Java\jdk1.8.0_66\bin;C:\Program Files (x86)\Yarn\bin\;C:\Program Files\nodejs\;C:\ProgramData\chocolatey\bin;C:\Program Files\TortoiseGit\bin;C:\Users\marsu\AppData\Local\Microsoft\WindowsApps;C:\Users\marsu\AppData\Local\Programs\Microsoft VS Code\bin;C:\Users\marsu\AppData\Local\Yarn\bin;C:\Users\marsu\AppData\Local\GitHubDesktop\bin;C:\Program Files\Git\bin;C:\Users\marsu\Downloads\dev-tools\spring-2.1.2.RELEASE\bin;C:\Users\marsu\Downloads\apache-maven-3.6.0\bin;C:\Program Files\MongoDB\Server\4.0\bin;C:\Users\marsu\AppData\Local\atom\bin;C:\Program Files\JetBrains\PyCharm Community Edition 2019.2.4\bin;;C:\Users\marsu\AppData\Roaming\npm;C:\Users\marsu\AppData\Local\Microsoft\WindowsApps;D:\Development\apache-jmeter-5.3\bin;D:\Development\Development softwares\gradle-6.5\bin;C:\Program Files\Git\cmd\git.exe;C:\Program Files\apache-maven-3.6.3\bin\bin;;C:\Program Files\JetBrains\IntelliJ IDEA Community Edition 2020.1.2\bin;;.]
2020-10-16 18:51:37,663 INFO org.apache.catalina.core.ContainerBase.[Tomcat].[localhost].[/] [restartedMain] Initializing Spring embedded WebApplicationContext
2020-10-16 18:51:38,225 ERROR org.apache.catalina.util.LifecycleBase [restartedMain] Failed to start component [Connector[HTTP/1.1-8080]]
org.apache.catalina.LifecycleException: Protocol handler start failed
	at org.apache.catalina.connector.Connector.startInternal(Connector.java:1004)
	at org.apache.catalina.util.LifecycleBase.start(LifecycleBase.java:183)
	at org.apache.catalina.core.StandardService.addConnector(StandardService.java:226)
	at org.springframework.boot.web.embedded.tomcat.TomcatWebServer.addPreviouslyRemovedConnectors(TomcatWebServer.java:259)
	at org.springframework.boot.web.embedded.tomcat.TomcatWebServer.start(TomcatWebServer.java:197)
	at org.springframework.boot.web.servlet.context.ServletWebServerApplicationContext.startWebServer(ServletWebServerApplicationContext.java:311)
	at org.springframework.boot.web.servlet.context.ServletWebServerApplicationContext.finishRefresh(ServletWebServerApplicationContext.java:164)
	at org.springframework.context.support.AbstractApplicationContext.refresh(AbstractApplicationContext.java:549)
	at org.springframework.boot.web.servlet.context.ServletWebServerApplicationContext.refresh(ServletWebServerApplicationContext.java:142)
	at org.springframework.boot.SpringApplication.refresh(SpringApplication.java:775)
	at org.springframework.boot.SpringApplication.refreshContext(SpringApplication.java:397)
	at org.springframework.boot.SpringApplication.run(SpringApplication.java:316)
	at org.springframework.boot.SpringApplication.run(SpringApplication.java:1260)
	at org.springframework.boot.SpringApplication.run(SpringApplication.java:1248)
	at com.mkyong.StartWebApplication.main(StartWebApplication.java:14)
	at sun.reflect.NativeMethodAccessorImpl.invoke0(Native Method)
	at sun.reflect.NativeMethodAccessorImpl.invoke(NativeMethodAccessorImpl.java:62)
	at sun.reflect.DelegatingMethodAccessorImpl.invoke(DelegatingMethodAccessorImpl.java:43)
	at java.lang.reflect.Method.invoke(Method.java:497)
	at org.springframework.boot.devtools.restart.RestartLauncher.run(RestartLauncher.java:49)
Caused by: java.net.BindException: Address already in use: bind
	at sun.nio.ch.Net.bind0(Native Method)
	at sun.nio.ch.Net.bind(Net.java:433)
	at sun.nio.ch.Net.bind(Net.java:425)
	at sun.nio.ch.ServerSocketChannelImpl.bind(ServerSocketChannelImpl.java:223)
	at sun.nio.ch.ServerSocketAdaptor.bind(ServerSocketAdaptor.java:74)
	at org.apache.tomcat.util.net.NioEndpoint.initServerSocket(NioEndpoint.java:236)
	at org.apache.tomcat.util.net.NioEndpoint.bind(NioEndpoint.java:210)
	at org.apache.tomcat.util.net.AbstractEndpoint.bindWithCleanup(AbstractEndpoint.java:1085)
	at org.apache.tomcat.util.net.AbstractEndpoint.start(AbstractEndpoint.java:1171)
	at org.apache.coyote.AbstractProtocol.start(AbstractProtocol.java:568)
	at org.apache.catalina.connector.Connector.startInternal(Connector.java:1001)
	... 19 common frames omitted
2020-10-16 18:51:38,231 INFO org.apache.catalina.core.StandardService [restartedMain] Stopping service [Tomcat]
2020-10-16 18:51:38,245 ERROR org.springframework.boot.diagnostics.LoggingFailureAnalysisReporter [restartedMain] 

***************************
APPLICATION FAILED TO START
***************************

Description:

The Tomcat connector configured to listen on port 8080 failed to start. The port may already be in use or the connector may be misconfigured.

Action:

Verify the connector's configuration, identify and stop any process that's listening on port 8080, or configure this application to listen on another port.

2020-10-16 18:55:21,437 INFO com.mkyong.StartWebApplication [restartedMain] Starting StartWebApplication on DESKTOP-C58O2TB with PID 5936 (D:\Development\Java\logging-slf4j-logback\target\classes started by marsu in D:\Development\Java\logging-slf4j-logback)
2020-10-16 18:55:21,440 DEBUG com.mkyong.StartWebApplication [restartedMain] Running with Spring Boot v2.1.2.RELEASE, Spring v5.1.4.RELEASE
2020-10-16 18:55:21,441 INFO com.mkyong.StartWebApplication [restartedMain] No active profile set, falling back to default profiles: default
2020-10-16 18:55:23,261 INFO org.apache.catalina.core.StandardService [restartedMain] Starting service [Tomcat]
2020-10-16 18:55:23,262 INFO org.apache.catalina.core.StandardEngine [restartedMain] Starting Servlet engine: [Apache Tomcat/9.0.14]
2020-10-16 18:55:23,272 INFO org.apache.catalina.core.AprLifecycleListener [restartedMain] The APR based Apache Tomcat Native library which allows optimal performance in production environments was not found on the java.library.path: [C:\Program Files\Java\jdk1.8.0_66\bin;C:\WINDOWS\Sun\Java\bin;C:\WINDOWS\system32;C:\WINDOWS;C:\Python27\;C:\Python27\Scripts;C:\Program Files (x86)\Common Files\Oracle\Java\javapath;C:\WINDOWS\system32;C:\WINDOWS;C:\WINDOWS\System32\Wbem;C:\WINDOWS\System32\WindowsPowerShell\v1.0\;C:\WINDOWS\System32\OpenSSH\;C:\Program Files\Java\jdk1.8.0_66\bin;C:\Program Files (x86)\Yarn\bin\;C:\Program Files\nodejs\;C:\ProgramData\chocolatey\bin;C:\Program Files\TortoiseGit\bin;C:\Users\marsu\AppData\Local\Microsoft\WindowsApps;C:\Users\marsu\AppData\Local\Programs\Microsoft VS Code\bin;C:\Users\marsu\AppData\Local\Yarn\bin;C:\Users\marsu\AppData\Local\GitHubDesktop\bin;C:\Program Files\Git\bin;C:\Users\marsu\Downloads\dev-tools\spring-2.1.2.RELEASE\bin;C:\Users\marsu\Downloads\apache-maven-3.6.0\bin;C:\Program Files\MongoDB\Server\4.0\bin;C:\Users\marsu\AppData\Local\atom\bin;C:\Program Files\JetBrains\PyCharm Community Edition 2019.2.4\bin;;C:\Users\marsu\AppData\Roaming\npm;C:\Users\marsu\AppData\Local\Microsoft\WindowsApps;D:\Development\apache-jmeter-5.3\bin;D:\Development\Development softwares\gradle-6.5\bin;C:\Program Files\Git\cmd\git.exe;C:\Program Files\apache-maven-3.6.3\bin\bin;;C:\Program Files\JetBrains\IntelliJ IDEA Community Edition 2020.1.2\bin;;.]
2020-10-16 18:55:23,397 INFO org.apache.catalina.core.ContainerBase.[Tomcat].[localhost].[/] [restartedMain] Initializing Spring embedded WebApplicationContext
2020-10-16 18:55:24,192 INFO com.mkyong.StartWebApplication [restartedMain] Started StartWebApplication in 3.164 seconds (JVM running for 3.709)
2020-10-16 18:55:45,753 INFO com.mkyong.StartWebApplication [restartedMain] Starting StartWebApplication on DESKTOP-C58O2TB with PID 600 (D:\Development\Java\logging-slf4j-logback\target\classes started by marsu in D:\Development\Java\logging-slf4j-logback)
2020-10-16 18:55:45,756 DEBUG com.mkyong.StartWebApplication [restartedMain] Running with Spring Boot v2.1.2.RELEASE, Spring v5.1.4.RELEASE
2020-10-16 18:55:45,757 INFO com.mkyong.StartWebApplication [restartedMain] No active profile set, falling back to default profiles: default
2020-10-16 18:55:47,521 INFO org.apache.catalina.core.StandardService [restartedMain] Starting service [Tomcat]
2020-10-16 18:55:47,521 INFO org.apache.catalina.core.StandardEngine [restartedMain] Starting Servlet engine: [Apache Tomcat/9.0.14]
2020-10-16 18:55:47,535 INFO org.apache.catalina.core.AprLifecycleListener [restartedMain] The APR based Apache Tomcat Native library which allows optimal performance in production environments was not found on the java.library.path: [C:\Program Files\Java\jdk1.8.0_66\bin;C:\WINDOWS\Sun\Java\bin;C:\WINDOWS\system32;C:\WINDOWS;C:\Python27\;C:\Python27\Scripts;C:\Program Files (x86)\Common Files\Oracle\Java\javapath;C:\WINDOWS\system32;C:\WINDOWS;C:\WINDOWS\System32\Wbem;C:\WINDOWS\System32\WindowsPowerShell\v1.0\;C:\WINDOWS\System32\OpenSSH\;C:\Program Files\Java\jdk1.8.0_66\bin;C:\Program Files (x86)\Yarn\bin\;C:\Program Files\nodejs\;C:\ProgramData\chocolatey\bin;C:\Program Files\TortoiseGit\bin;C:\Users\marsu\AppData\Local\Microsoft\WindowsApps;C:\Users\marsu\AppData\Local\Programs\Microsoft VS Code\bin;C:\Users\marsu\AppData\Local\Yarn\bin;C:\Users\marsu\AppData\Local\GitHubDesktop\bin;C:\Program Files\Git\bin;C:\Users\marsu\Downloads\dev-tools\spring-2.1.2.RELEASE\bin;C:\Users\marsu\Downloads\apache-maven-3.6.0\bin;C:\Program Files\MongoDB\Server\4.0\bin;C:\Users\marsu\AppData\Local\atom\bin;C:\Program Files\JetBrains\PyCharm Community Edition 2019.2.4\bin;;C:\Users\marsu\AppData\Roaming\npm;C:\Users\marsu\AppData\Local\Microsoft\WindowsApps;D:\Development\apache-jmeter-5.3\bin;D:\Development\Development softwares\gradle-6.5\bin;C:\Program Files\Git\cmd\git.exe;C:\Program Files\apache-maven-3.6.3\bin\bin;;C:\Program Files\JetBrains\IntelliJ IDEA Community Edition 2020.1.2\bin;;.]
2020-10-16 18:55:47,660 INFO org.apache.catalina.core.ContainerBase.[Tomcat].[localhost].[/] [restartedMain] Initializing Spring embedded WebApplicationContext
2020-10-16 18:55:48,232 INFO com.mkyong.StartWebApplication [restartedMain] Started StartWebApplication in 2.867 seconds (JVM running for 3.391)
2020-10-16 18:56:05,082 INFO com.mkyong.StartWebApplication [restartedMain] Starting StartWebApplication on DESKTOP-C58O2TB with PID 7160 (D:\Development\Java\logging-slf4j-logback\target\classes started by marsu in D:\Development\Java\logging-slf4j-logback)
2020-10-16 18:56:05,085 DEBUG com.mkyong.StartWebApplication [restartedMain] Running with Spring Boot v2.1.2.RELEASE, Spring v5.1.4.RELEASE
2020-10-16 18:56:05,086 INFO com.mkyong.StartWebApplication [restartedMain] No active profile set, falling back to default profiles: default
2020-10-16 18:56:06,843 INFO org.apache.catalina.core.StandardService [restartedMain] Starting service [Tomcat]
2020-10-16 18:56:06,844 INFO org.apache.catalina.core.StandardEngine [restartedMain] Starting Servlet engine: [Apache Tomcat/9.0.14]
2020-10-16 18:56:06,867 INFO org.apache.catalina.core.AprLifecycleListener [restartedMain] The APR based Apache Tomcat Native library which allows optimal performance in production environments was not found on the java.library.path: [C:\Program Files\Java\jdk1.8.0_66\bin;C:\WINDOWS\Sun\Java\bin;C:\WINDOWS\system32;C:\WINDOWS;C:\Python27\;C:\Python27\Scripts;C:\Program Files (x86)\Common Files\Oracle\Java\javapath;C:\WINDOWS\system32;C:\WINDOWS;C:\WINDOWS\System32\Wbem;C:\WINDOWS\System32\WindowsPowerShell\v1.0\;C:\WINDOWS\System32\OpenSSH\;C:\Program Files\Java\jdk1.8.0_66\bin;C:\Program Files (x86)\Yarn\bin\;C:\Program Files\nodejs\;C:\ProgramData\chocolatey\bin;C:\Program Files\TortoiseGit\bin;C:\Users\marsu\AppData\Local\Microsoft\WindowsApps;C:\Users\marsu\AppData\Local\Programs\Microsoft VS Code\bin;C:\Users\marsu\AppData\Local\Yarn\bin;C:\Users\marsu\AppData\Local\GitHubDesktop\bin;C:\Program Files\Git\bin;C:\Users\marsu\Downloads\dev-tools\spring-2.1.2.RELEASE\bin;C:\Users\marsu\Downloads\apache-maven-3.6.0\bin;C:\Program Files\MongoDB\Server\4.0\bin;C:\Users\marsu\AppData\Local\atom\bin;C:\Program Files\JetBrains\PyCharm Community Edition 2019.2.4\bin;;C:\Users\marsu\AppData\Roaming\npm;C:\Users\marsu\AppData\Local\Microsoft\WindowsApps;D:\Development\apache-jmeter-5.3\bin;D:\Development\Development softwares\gradle-6.5\bin;C:\Program Files\Git\cmd\git.exe;C:\Program Files\apache-maven-3.6.3\bin\bin;;C:\Program Files\JetBrains\IntelliJ IDEA Community Edition 2020.1.2\bin;;.]
2020-10-16 18:56:07,070 INFO org.apache.catalina.core.ContainerBase.[Tomcat].[localhost].[/] [restartedMain] Initializing Spring embedded WebApplicationContext
2020-10-16 18:56:07,712 INFO com.mkyong.StartWebApplication [restartedMain] Started StartWebApplication in 3.042 seconds (JVM running for 3.583)
2020-10-16 18:57:15,171 INFO org.apache.catalina.core.ContainerBase.[Tomcat].[localhost].[/] [http-nio-8080-exec-2] Initializing Spring DispatcherServlet 'dispatcherServlet'
2020-10-16 18:57:15,199 DEBUG com.mkyong.HelloController [http-nio-8080-exec-2] Hello from Logback [1, 2, 3, 4, 5]
2020-10-16 18:57:41,407 DEBUG com.mkyong.HelloController [http-nio-8080-exec-3] Hello from Logback [1, 2, 3, 4, 5]
2020-10-16 18:59:42,271 INFO com.mkyong.StartWebApplication [restartedMain] Starting StartWebApplication on DESKTOP-C58O2TB with PID 12752 (D:\Development\Java\logging-slf4j-logback\target\classes started by marsu in D:\Development\Java\logging-slf4j-logback)
2020-10-16 18:59:42,275 DEBUG com.mkyong.StartWebApplication [restartedMain] Running with Spring Boot v2.1.2.RELEASE, Spring v5.1.4.RELEASE
2020-10-16 18:59:42,276 INFO com.mkyong.StartWebApplication [restartedMain] No active profile set, falling back to default profiles: default
2020-10-16 18:59:43,890 INFO org.apache.catalina.core.StandardService [restartedMain] Starting service [Tomcat]
2020-10-16 18:59:43,890 INFO org.apache.catalina.core.StandardEngine [restartedMain] Starting Servlet engine: [Apache Tomcat/9.0.14]
2020-10-16 18:59:43,900 INFO org.apache.catalina.core.AprLifecycleListener [restartedMain] The APR based Apache Tomcat Native library which allows optimal performance in production environments was not found on the java.library.path: [C:\Program Files\Java\jdk1.8.0_66\bin;C:\WINDOWS\Sun\Java\bin;C:\WINDOWS\system32;C:\WINDOWS;C:\Python27\;C:\Python27\Scripts;C:\Program Files (x86)\Common Files\Oracle\Java\javapath;C:\WINDOWS\system32;C:\WINDOWS;C:\WINDOWS\System32\Wbem;C:\WINDOWS\System32\WindowsPowerShell\v1.0\;C:\WINDOWS\System32\OpenSSH\;C:\Program Files\Java\jdk1.8.0_66\bin;C:\Program Files (x86)\Yarn\bin\;C:\Program Files\nodejs\;C:\ProgramData\chocolatey\bin;C:\Program Files\TortoiseGit\bin;C:\Users\marsu\AppData\Local\Microsoft\WindowsApps;C:\Users\marsu\AppData\Local\Programs\Microsoft VS Code\bin;C:\Users\marsu\AppData\Local\Yarn\bin;C:\Users\marsu\AppData\Local\GitHubDesktop\bin;C:\Program Files\Git\bin;C:\Users\marsu\Downloads\dev-tools\spring-2.1.2.RELEASE\bin;C:\Users\marsu\Downloads\apache-maven-3.6.0\bin;C:\Program Files\MongoDB\Server\4.0\bin;C:\Users\marsu\AppData\Local\atom\bin;C:\Program Files\JetBrains\PyCharm Community Edition 2019.2.4\bin;;C:\Users\marsu\AppData\Roaming\npm;C:\Users\marsu\AppData\Local\Microsoft\WindowsApps;D:\Development\apache-jmeter-5.3\bin;D:\Development\Development softwares\gradle-6.5\bin;C:\Program Files\Git\cmd\git.exe;C:\Program Files\apache-maven-3.6.3\bin\bin;;C:\Program Files\JetBrains\IntelliJ IDEA Community Edition 2020.1.2\bin;;.]
2020-10-16 18:59:44,012 INFO org.apache.catalina.core.ContainerBase.[Tomcat].[localhost].[/] [restartedMain] Initializing Spring embedded WebApplicationContext
2020-10-16 18:59:44,537 INFO com.mkyong.StartWebApplication [restartedMain] Started StartWebApplication in 2.703 seconds (JVM running for 3.288)
2020-10-16 19:00:00,580 INFO org.apache.catalina.core.ContainerBase.[Tomcat].[localhost].[/] [http-nio-8080-exec-2] Initializing Spring DispatcherServlet 'dispatcherServlet'
2020-10-16 19:00:00,604 DEBUG com.mkyong.HelloController [http-nio-8080-exec-2] Hello from Logback [1, 2, 3, 4, 5]
2020-10-16 19:00:08,311 DEBUG com.mkyong.HelloController [http-nio-8080-exec-3] Hello from Logback [1, 2, 3, 4, 5]
2020-10-16 19:00:19,556 DEBUG com.mkyong.HelloController [http-nio-8080-exec-4] Hello from Logback [1, 2, 3, 4, 5]
2020-10-16 19:00:25,522 DEBUG com.mkyong.HelloController [http-nio-8080-exec-5] Hello from Logback [1, 2, 3, 4, 5]
2020-10-16 19:00:29,480 DEBUG com.mkyong.HelloController [http-nio-8080-exec-6] Hello from Logback [1, 2, 3, 4, 5]
